ScopeSigMgr:loadpffile /home/bnmfw/github/c17v0.tr0 1 openonly
# PF:1
wm geometry .sigmgr._PF:1 288x349+668+347
wm geometry .sigmgr._PF:1 288x349+665+347
wm geometry .sigmgr._PF:1 288x349+661+322
wm geometry .sigmgr._PF:1 288x349+659+315
wm geometry .sigmgr._PF:1 288x349+655+306
wm geometry .sigmgr._PF:1 288x349+651+297
wm geometry .sigmgr._PF:1 288x349+650+293
wm geometry .sigmgr._PF:1 288x349+649+291
pf:read PF:1 v(i2)
# WF:1:1
Graph addsignal WF:1:1 -region new -yview real(y) -xview real(x) -tracehi 2
# Signal0
wm geometry .sigmgr._PF:1 288x349+659+299
ScopeSigMgr:Unload 0 {{(1) c17v0.tr0}}
Graph0 delsignal Signal0
ScopeSigMgr:loadpffile /home/bnmfw/github/Xor.tr0 1 openonly
# PF:2
wm geometry .sigmgr._PF:2 288x349+664+347
wm geometry .sigmgr._PF:2 288x349+642+311
wm geometry .sigmgr._PF:2 288x349+615+289
wm geometry .sigmgr._PF:2 288x349+602+279
wm geometry .sigmgr._PF:2 288x349+593+270
wm geometry .sigmgr._PF:2 288x349+584+257
wm geometry .sigmgr._PF:2 288x349+581+250
wm geometry .sigmgr._PF:2 288x349+579+245
pf:read PF:2 v(i2)
# WF:2:1
Graph addsignal WF:2:1 -region new -yview real(y) -xview real(x) -tracehi 2
# Signal0
pf:read PF:2 v(g1)
# WF:2:2
Graph addsignal WF:2:2 -region new -yview real(y) -xview real(x) -tracehi 2
# Signal1
Graph:Select Graph0
Graph:DSel
Graph itemselect Signal1 add
# Signal1
Graph sigconfig Signal1 -region 0 -rgnindex 1
wm geometry .sigmgr._PF:2 288x349+589+253
wm geometry .sigmgr 472x220+784+149
